Построение начато 10.02.2015 14:57:48.
     1>Проект "C:\Users\popof_000\documents\visual studio 2012\Projects\simplyRPG\simplyRPG\simplyRPG.vcxproj" в узле 2 (целевые объекты Build).
     1>ClCompile:
         C:\Program Files (x86)\Microsoft Visual Studio 11.0\VC\bin\CL.exe /c /I"C:\SDL\SDL2-2.0.3\include" /ZI /nologo /W3 /WX- /Od /Oy- /D _UNICODE /D UNICODE /Gm /EHsc /RTC1 /MDd /GS /fp:precise /Zc:wchar_t /Zc:forScope /Fo"Debug\\" /Fd"Debug\vc110.pdb" /Gd /TP /analyze- /errorReport:prompt gGraphicManager.cpp gTextManager.cpp
         gTextManager.cpp
     1>c:\users\popof_000\documents\visual studio 2012\projects\simplyrpg\simplyrpg\gfont.h(19): warning C4244: return: преобразование "const float" в "int", возможна потеря данных
     1>c:\users\popof_000\documents\visual studio 2012\projects\simplyrpg\simplyrpg\gfont.h(21): warning C4244: return: преобразование "const float" в "int", возможна потеря данных
     1>c:\users\popof_000\documents\visual studio 2012\projects\simplyrpg\simplyrpg\gtextmanager.cpp(80): warning C4244: аргумент: преобразование "int" в "float", возможна потеря данных
         gGraphicManager.cpp
     1>c:\users\popof_000\documents\visual studio 2012\projects\simplyrpg\simplyrpg\gfont.h(19): warning C4244: return: преобразование "const float" в "int", возможна потеря данных
     1>c:\users\popof_000\documents\visual studio 2012\projects\simplyrpg\simplyrpg\gfont.h(21): warning C4244: return: преобразование "const float" в "int", возможна потеря данных
     1>c:\users\popof_000\documents\visual studio 2012\projects\simplyrpg\simplyrpg\ggraphicmanager.cpp(95): warning C4244: *=: преобразование "float" в "int", возможна потеря данных
     1>c:\users\popof_000\documents\visual studio 2012\projects\simplyrpg\simplyrpg\ggraphicmanager.cpp(96): warning C4244: *=: преобразование "float" в "int", возможна потеря данных
     1>c:\users\popof_000\documents\visual studio 2012\projects\simplyrpg\simplyrpg\ggraphicmanager.cpp(122): warning C4244: *=: преобразование "float" в "int", возможна потеря данных
     1>c:\users\popof_000\documents\visual studio 2012\projects\simplyrpg\simplyrpg\ggraphicmanager.cpp(123): warning C4244: *=: преобразование "float" в "int", возможна потеря данных
         Создание кода...
       Link:
         C:\Program Files (x86)\Microsoft Visual Studio 11.0\VC\bin\link.exe /ERRORREPORT:PROMPT /OUT:"C:\Users\popof_000\documents\visual studio 2012\Projects\simplyRPG\Debug\simplyRPG.exe" /INCREMENTAL /NOLOGO /LIBPATH:"C:\SDL\SDL2-2.0.3\lib\x86" SDL2.lib SDL2main.lib kernel32.lib user32.lib gdi32.lib winspool.lib comdlg32.lib advapi32.lib shell32.lib ole32.lib oleaut32.lib uuid.lib odbc32.lib odbccp32.lib /MANIFEST /MANIFESTUAC:"level='asInvoker' uiAccess='false'" /manifest:embed /DEBUG /PDB:"C:\Users\popof_000\documents\visual studio 2012\Projects\simplyRPG\Debug\simplyRPG.pdb" /SUBSYSTEM:CONSOLE /TLBID:1 /DYNAMICBASE /NXCOMPAT /IMPLIB:"C:\Users\popof_000\documents\visual studio 2012\Projects\simplyRPG\Debug\simplyRPG.lib" /MACHINE:X86 Debug\gFont.obj
         Debug\gGame.obj
         Debug\gGraphicManager.obj
         Debug\gPlayer.obj
         Debug\gSound.obj
         Debug\gTextManager.obj
         Debug\main.obj
         simplyRPG.vcxproj -> C:\Users\popof_000\documents\visual studio 2012\Projects\simplyRPG\Debug\simplyRPG.exe
     1>Построение проекта "C:\Users\popof_000\documents\visual studio 2012\Projects\simplyRPG\simplyRPG\simplyRPG.vcxproj" завершено (целевые объекты Build).

Построение успешно завершено.

Затраченное время: 00:00:11.69
