Build started 31.03.2015 17:37:43.
     1>Project "C:\Users\Георгий\Source\Repos\TheDoomed\simplyRPG\simplyRPG\simplyRPG.vcxproj" on node 2 (Build target(s)).
     1>ClCompile:
         C:\Program Files (x86)\Microsoft Visual Studio 12.0\VC\bin\CL.exe /c /IE:\SDL\SDL\include /Zi /nologo /W3 /WX- /O2 /Oi /Oy- /GL /D _UNICODE /D UNICODE /Gm- /EHsc /MD /GS /Gy /fp:precise /Zc:wchar_t /Zc:forScope /Fo"Release\\" /Fd"Release\vc120.pdb" /Gd /TP /analyze- /errorReport:prompt gGraphicManager.cpp
         gGraphicManager.cpp
     1>gGraphicManager.cpp(33): warning C4244: '=' : conversion from 'double' to 'Uint8', possible loss of data
     1>gGraphicManager.cpp(232): warning C4244: '=' : conversion from 'double' to 'int', possible loss of data
     1>gGraphicManager.cpp(234): warning C4244: '=' : conversion from 'double' to 'int', possible loss of data
     1>gGraphicManager.cpp(241): warning C4244: '=' : conversion from 'double' to 'int', possible loss of data
     1>gGraphicManager.cpp(245): warning C4244: '=' : conversion from 'double' to 'int', possible loss of data
     1>gGraphicManager.cpp(246): warning C4244: '=' : conversion from 'double' to 'int', possible loss of data
       Link:
         C:\Program Files (x86)\Microsoft Visual Studio 12.0\VC\bin\link.exe /ERRORREPORT:PROMPT /OUT:"C:\Users\Георгий\Source\Repos\TheDoomed\simplyRPG\Release\simplyRPG.exe" /NOLOGO /LIBPATH:E:\SDL\SDL\lib\win32 SDL2.lib SDL2main.lib kernel32.lib user32.lib gdi32.lib winspool.lib comdlg32.lib advapi32.lib shell32.lib ole32.lib oleaut32.lib uuid.lib odbc32.lib odbccp32.lib /MANIFEST /MANIFESTUAC:"level='asInvoker' uiAccess='false'" /manifest:embed /DEBUG /PDB:"C:\Users\Георгий\Source\Repos\TheDoomed\simplyRPG\Release\simplyRPG.pdb" /SUBSYSTEM:WINDOWS /OPT:REF /OPT:ICF /LTCG /TLBID:1 /DYNAMICBASE /NXCOMPAT /IMPLIB:"C:\Users\Георгий\Source\Repos\TheDoomed\simplyRPG\Release\simplyRPG.lib" /MACHINE:X86 /SAFESEH Release\gFont.obj
         Release\gGame.obj
         Release\gGraphicManager.obj
         Release\gPlayer.obj
         Release\gSound.obj
         Release\gTextManager.obj
         Release\IWidget.obj
         Release\main.obj
         Generating code
         Finished generating code
         simplyRPG.vcxproj -> C:\Users\Георгий\Source\Repos\TheDoomed\simplyRPG\Release\simplyRPG.exe
     1>Done Building Project "C:\Users\Георгий\Source\Repos\TheDoomed\simplyRPG\simplyRPG\simplyRPG.vcxproj" (Build target(s)).

Build succeeded.

Time Elapsed 00:00:02.17
